<?xml version="1.0" encoding="UTF-8"?>
<!-- Generated by org.testng.reporters.JUnitReportReporter -->
<testsuite skipped="0" hostname="Muralis-MacBook-Pro.local" name="com.crm.qa.Testcases.CalenderPageTest" tests="2" failures="0" timestamp="2022-02-20T20:12:42 PST" time="37.876" errors="0">
  <testcase name="CalenderCreateBtnTest" time="14.782" classname="com.crm.qa.Testcases.CalenderPageTest"/>
  <system-out/>
  <testcase name="CalenderPageValidationTest" time="23.094" classname="com.crm.qa.Testcases.CalenderPageTest"/>
  <system-out/>
</testsuite> <!-- com.crm.qa.Testcases.CalenderPageTest -->
