<?xml version="1.0" encoding="UTF-8"?>
<!-- Generated by org.testng.reporters.JUnitReportReporter -->
<testsuite skipped="0" hostname="Muralis-MacBook-Pro.local" name="com.crm.qa.testdata.WelcomePageTest" tests="2" failures="0" timestamp="2022-02-03T00:17:19 PST" time="26.896" errors="0">
  <testcase name="ValidateWelcomePage" time="16.390" classname="com.crm.qa.testdata.WelcomePageTest"/>
  <system-out/>
  <testcase name="LogInBtnEnabled" time="10.506" classname="com.crm.qa.testdata.WelcomePageTest"/>
  <system-out/>
</testsuite> <!-- com.crm.qa.testdata.WelcomePageTest -->
