<?xml version="1.0" encoding="UTF-8"?>
<!-- Generated by org.testng.reporters.JUnitReportReporter -->
<testsuite skipped="0" hostname="Muralis-MacBook-Pro.local" name="com.crm.qa.Testcases.LoginPageTest" tests="1" failures="0" timestamp="2022-02-03T13:42:51 PST" time="26.162" errors="0">
  <testcase name="LogInValidation" time="26.162" classname="com.crm.qa.Testcases.LoginPageTest"/>
  <system-out/>
</testsuite> <!-- com.crm.qa.Testcases.LoginPageTest -->
