<?xml version="1.0" encoding="UTF-8"?>
<!-- Generated by org.testng.reporters.JUnitReportReporter -->
<testsuite skipped="0" hostname="Muralis-MacBook-Pro.local" name="com.crm.qa.Testcases.WelcomePageTest" tests="2" failures="0" timestamp="2022-02-09T12:04:28 PST" time="22.753" errors="0">
  <testcase name="ValidateWelcomePage" time="12.132" classname="com.crm.qa.Testcases.WelcomePageTest"/>
  <system-out/>
  <testcase name="LogInBtnEnabled" time="10.621" classname="com.crm.qa.Testcases.WelcomePageTest"/>
  <system-out/>
</testsuite> <!-- com.crm.qa.Testcases.WelcomePageTest -->
