<?xml version="1.0" encoding="UTF-8"?>
<!-- Generated by org.testng.reporters.JUnitReportReporter -->
<testsuite skipped="0" hostname="Muralis-MacBook-Pro.local" name="com.crm.qa.Testcases.HomePageTest" tests="3" failures="0" timestamp="2022-02-07T13:50:05 PST" time="65.722" errors="0">
  <testcase name="ValidateHomePageTitleTest" time="17.023" classname="com.crm.qa.Testcases.HomePageTest"/>
  <system-out/>
  <testcase name="CalenderIconClickTest" time="21.714" classname="com.crm.qa.Testcases.HomePageTest"/>
  <system-out/>
  <testcase name="VerifyUserName" time="26.985" classname="com.crm.qa.Testcases.HomePageTest"/>
  <system-out/>
</testsuite> <!-- com.crm.qa.Testcases.HomePageTest -->
