<?xml version="1.0" encoding="UTF-8"?>
<testsuite xmlns:xsi="http://www.w3.org/2001/XMLSchema-instance" xsi:noNamespaceSchemaLocation="https://maven.apache.org/surefire/maven-surefire-plugin/xsd/surefire-test-report-3.0.xsd" version="3.0" name="TestSuite" time="121.34" tests="13" errors="0" skipped="6" failures="2">
  <properties>
    <property name="gopherProxySet" value="false"/>
    <property name="awt.toolkit" value="sun.lwawt.macosx.LWCToolkit"/>
    <property name="file.encoding.pkg" value="sun.io"/>
    <property name="java.specification.version" value="1.8"/>
    <property name="sun.cpu.isalist" value=""/>
    <property name="sun.jnu.encoding" value="UTF-8"/>
    <property name="java.class.path" value="/Users/muralisubramani/eclipse-workspace/FreeCRMTest/target/test-classes:/Users/muralisubramani/eclipse-workspace/FreeCRMTest/target/classes:/Users/muralisubramani/.m2/repository/org/seleniumhq/selenium/selenium-java/4.1.2/selenium-java-4.1.2.jar:/Users/muralisubramani/.m2/repository/org/seleniumhq/selenium/selenium-api/4.1.2/selenium-api-4.1.2.jar:/Users/muralisubramani/.m2/repository/org/seleniumhq/selenium/selenium-chrome-driver/4.1.2/selenium-chrome-driver-4.1.2.jar:/Users/muralisubramani/.m2/repository/com/google/auto/service/auto-service-annotations/1.0.1/auto-service-annotations-1.0.1.jar:/Users/muralisubramani/.m2/repository/com/google/auto/service/auto-service/1.0.1/auto-service-1.0.1.jar:/Users/muralisubramani/.m2/repository/com/google/auto/auto-common/1.2/auto-common-1.2.jar:/Users/muralisubramani/.m2/repository/org/seleniumhq/selenium/selenium-chromium-driver/4.1.2/selenium-chromium-driver-4.1.2.jar:/Users/muralisubramani/.m2/repository/org/seleniumhq/selenium/selenium-json/4.1.2/selenium-json-4.1.2.jar:/Users/muralisubramani/.m2/repository/org/seleniumhq/selenium/selenium-devtools-v85/4.1.2/selenium-devtools-v85-4.1.2.jar:/Users/muralisubramani/.m2/repository/org/seleniumhq/selenium/selenium-devtools-v95/4.1.2/selenium-devtools-v95-4.1.2.jar:/Users/muralisubramani/.m2/repository/org/seleniumhq/selenium/selenium-devtools-v96/4.1.2/selenium-devtools-v96-4.1.2.jar:/Users/muralisubramani/.m2/repository/org/seleniumhq/selenium/selenium-devtools-v97/4.1.2/selenium-devtools-v97-4.1.2.jar:/Users/muralisubramani/.m2/repository/org/seleniumhq/selenium/selenium-edge-driver/4.1.2/selenium-edge-driver-4.1.2.jar:/Users/muralisubramani/.m2/repository/org/seleniumhq/selenium/selenium-firefox-driver/4.1.2/selenium-firefox-driver-4.1.2.jar:/Users/muralisubramani/.m2/repository/org/seleniumhq/selenium/selenium-firefox-xpi-driver/4.1.2/selenium-firefox-xpi-driver-4.1.2.jar:/Users/muralisubramani/.m2/repository/org/seleniumhq/selenium/selenium-ie-driver/4.1.2/selenium-ie-driver-4.1.2.jar:/Users/muralisubramani/.m2/repository/org/seleniumhq/selenium/selenium-opera-driver/4.1.2/selenium-opera-driver-4.1.2.jar:/Users/muralisubramani/.m2/repository/org/seleniumhq/selenium/selenium-remote-driver/4.1.2/selenium-remote-driver-4.1.2.jar:/Users/muralisubramani/.m2/repository/io/netty/netty-buffer/4.1.73.Final/netty-buffer-4.1.73.Final.jar:/Users/muralisubramani/.m2/repository/io/netty/netty-codec-http/4.1.73.Final/netty-codec-http-4.1.73.Final.jar:/Users/muralisubramani/.m2/repository/io/netty/netty-codec/4.1.73.Final/netty-codec-4.1.73.Final.jar:/Users/muralisubramani/.m2/repository/io/netty/netty-handler/4.1.73.Final/netty-handler-4.1.73.Final.jar:/Users/muralisubramani/.m2/repository/io/netty/netty-tcnative-classes/2.0.46.Final/netty-tcnative-classes-2.0.46.Final.jar:/Users/muralisubramani/.m2/repository/io/netty/netty-common/4.1.73.Final/netty-common-4.1.73.Final.jar:/Users/muralisubramani/.m2/repository/io/netty/netty-transport-classes-epoll/4.1.73.Final/netty-transport-classes-epoll-4.1.73.Final.jar:/Users/muralisubramani/.m2/repository/io/netty/netty-transport-classes-kqueue/4.1.73.Final/netty-transport-classes-kqueue-4.1.73.Final.jar:/Users/muralisubramani/.m2/repository/io/netty/netty-transport-native-epoll/4.1.73.Final/netty-transport-native-epoll-4.1.73.Final.jar:/Users/muralisubramani/.m2/repository/io/netty/netty-transport-native-kqueue/4.1.73.Final/netty-transport-native-kqueue-4.1.73.Final.jar:/Users/muralisubramani/.m2/repository/io/netty/netty-transport-native-unix-common/4.1.73.Final/netty-transport-native-unix-common-4.1.73.Final.jar:/Users/muralisubramani/.m2/repository/io/netty/netty-transport/4.1.73.Final/netty-transport-4.1.73.Final.jar:/Users/muralisubramani/.m2/repository/io/netty/netty-resolver/4.1.73.Final/netty-resolver-4.1.73.Final.jar:/Users/muralisubramani/.m2/repository/io/opentelemetry/opentelemetry-api/1.10.1/opentelemetry-api-1.10.1.jar:/Users/muralisubramani/.m2/repository/io/opentelemetry/opentelemetry-context/1.10.1/opentelemetry-context-1.10.1.jar:/Users/muralisubramani/.m2/repository/io/opentelemetry/opentelemetry-exporter-logging/1.10.1/opentelemetry-exporter-logging-1.10.1.jar:/Users/muralisubramani/.m2/repository/io/opentelemetry/opentelemetry-sdk-metrics/1.10.1-alpha/opentelemetry-sdk-metrics-1.10.1-alpha.jar:/Users/muralisubramani/.m2/repository/io/opentelemetry/opentelemetry-sdk-logs/1.10.1-alpha/opentelemetry-sdk-logs-1.10.1-alpha.jar:/Users/muralisubramani/.m2/repository/io/opentelemetry/opentelemetry-sdk-common/1.10.1/opentelemetry-sdk-common-1.10.1.jar:/Users/muralisubramani/.m2/repository/io/opentelemetry/opentelemetry-sdk-extension-autoconfigure-spi/1.10.1/opentelemetry-sdk-extension-autoconfigure-spi-1.10.1.jar:/Users/muralisubramani/.m2/repository/io/opentelemetry/opentelemetry-sdk-extension-autoconfigure/1.10.1-alpha/opentelemetry-sdk-extension-autoconfigure-1.10.1-alpha.jar:/Users/muralisubramani/.m2/repository/io/opentelemetry/opentelemetry-sdk-trace/1.10.1/opentelemetry-sdk-trace-1.10.1.jar:/Users/muralisubramani/.m2/repository/io/opentelemetry/opentelemetry-sdk/1.10.1/opentelemetry-sdk-1.10.1.jar:/Users/muralisubramani/.m2/repository/io/opentelemetry/opentelemetry-semconv/1.10.1-alpha/opentelemetry-semconv-1.10.1-alpha.jar:/Users/muralisubramani/.m2/repository/io/ous/jtoml/2.0.0/jtoml-2.0.0.jar:/Users/muralisubramani/.m2/repository/net/bytebuddy/byte-buddy/1.12.7/byte-buddy-1.12.7.jar:/Users/muralisubramani/.m2/repository/org/apache/commons/commons-exec/1.3/commons-exec-1.3.jar:/Users/muralisubramani/.m2/repository/org/asynchttpclient/async-http-client/2.12.3/async-http-client-2.12.3.jar:/Users/muralisubramani/.m2/repository/org/asynchttpclient/async-http-client-netty-utils/2.12.3/async-http-client-netty-utils-2.12.3.jar:/Users/muralisubramani/.m2/repository/io/netty/netty-codec-socks/4.1.60.Final/netty-codec-socks-4.1.60.Final.jar:/Users/muralisubramani/.m2/repository/io/netty/netty-handler-proxy/4.1.60.Final/netty-handler-proxy-4.1.60.Final.jar:/Users/muralisubramani/.m2/repository/io/netty/netty-transport-native-epoll/4.1.60.Final/netty-transport-native-epoll-4.1.60.Final-linux-x86_64.jar:/Users/muralisubramani/.m2/repository/io/netty/netty-transport-native-kqueue/4.1.60.Final/netty-transport-native-kqueue-4.1.60.Final-osx-x86_64.jar:/Users/muralisubramani/.m2/repository/org/reactivestreams/reactive-streams/1.0.3/reactive-streams-1.0.3.jar:/Users/muralisubramani/.m2/repository/com/typesafe/netty/netty-reactive-streams/2.0.4/netty-reactive-streams-2.0.4.jar:/Users/muralisubramani/.m2/repository/com/sun/activation/jakarta.activation/1.2.2/jakarta.activation-1.2.2.jar:/Users/muralisubramani/.m2/repository/org/seleniumhq/selenium/selenium-http/4.1.2/selenium-http-4.1.2.jar:/Users/muralisubramani/.m2/repository/net/jodah/failsafe/2.4.4/failsafe-2.4.4.jar:/Users/muralisubramani/.m2/repository/org/seleniumhq/selenium/selenium-safari-driver/4.1.2/selenium-safari-driver-4.1.2.jar:/Users/muralisubramani/.m2/repository/org/seleniumhq/selenium/selenium-support/4.1.2/selenium-support-4.1.2.jar:/Users/muralisubramani/.m2/repository/org/testng/testng/7.5/testng-7.5.jar:/Users/muralisubramani/.m2/repository/com/google/code/findbugs/jsr305/3.0.1/jsr305-3.0.1.jar:/Users/muralisubramani/.m2/repository/org/slf4j/slf4j-api/1.7.32/slf4j-api-1.7.32.jar:/Users/muralisubramani/.m2/repository/com/beust/jcommander/1.78/jcommander-1.78.jar:/Users/muralisubramani/.m2/repository/org/webjars/jquery/3.5.1/jquery-3.5.1.jar:/Users/muralisubramani/.m2/repository/org/apache/poi/poi-ooxml/5.2.0/poi-ooxml-5.2.0.jar:/Users/muralisubramani/.m2/repository/org/apache/poi/poi-ooxml-lite/5.2.0/poi-ooxml-lite-5.2.0.jar:/Users/muralisubramani/.m2/repository/org/apache/xmlbeans/xmlbeans/5.0.3/xmlbeans-5.0.3.jar:/Users/muralisubramani/.m2/repository/xml-apis/xml-apis/1.4.01/xml-apis-1.4.01.jar:/Users/muralisubramani/.m2/repository/org/apache/commons/commons-compress/1.21/commons-compress-1.21.jar:/Users/muralisubramani/.m2/repository/commons-io/commons-io/2.11.0/commons-io-2.11.0.jar:/Users/muralisubramani/.m2/repository/com/github/virtuald/curvesapi/1.06/curvesapi-1.06.jar:/Users/muralisubramani/.m2/repository/org/apache/logging/log4j/log4j-api/2.17.1/log4j-api-2.17.1.jar:/Users/muralisubramani/.m2/repository/org/apache/commons/commons-collections4/4.4/commons-collections4-4.4.jar:/Users/muralisubramani/.m2/repository/org/apache/poi/poi-ooxml-schemas/4.1.2/poi-ooxml-schemas-4.1.2.jar:/Users/muralisubramani/.m2/repository/org/apache/poi/poi-scratchpad/5.2.0/poi-scratchpad-5.2.0.jar:/Users/muralisubramani/.m2/repository/org/apache/commons/commons-math3/3.6.1/commons-math3-3.6.1.jar:/Users/muralisubramani/.m2/repository/commons-codec/commons-codec/1.15/commons-codec-1.15.jar:/Users/muralisubramani/.m2/repository/org/apache/poi/ooxml-schemas/1.4/ooxml-schemas-1.4.jar:/Users/muralisubramani/.m2/repository/org/apache/poi/openxml4j/1.0-beta/openxml4j-1.0-beta.jar:/Users/muralisubramani/.m2/repository/dom4j/dom4j/1.6.1/dom4j-1.6.1.jar:/Users/muralisubramani/.m2/repository/log4j/log4j/1.2.8/log4j-1.2.8.jar:/Users/muralisubramani/.m2/repository/org/apache/poi/poi/5.2.0/poi-5.2.0.jar:/Users/muralisubramani/.m2/repository/com/zaxxer/SparseBitSet/1.2/SparseBitSet-1.2.jar:/Users/muralisubramani/.m2/repository/com/google/api-client/google-api-client/1.33.1/google-api-client-1.33.1.jar:/Users/muralisubramani/.m2/repository/com/google/http-client/google-http-client-gson/1.41.1/google-http-client-gson-1.41.1.jar:/Users/muralisubramani/.m2/repository/com/google/code/gson/gson/2.8.9/gson-2.8.9.jar:/Users/muralisubramani/.m2/repository/com/google/guava/guava/31.0.1-jre/guava-31.0.1-jre.jar:/Users/muralisubramani/.m2/repository/com/google/guava/failureaccess/1.0.1/failureaccess-1.0.1.jar:/Users/muralisubramani/.m2/repository/com/google/guava/listenablefuture/9999.0-empty-to-avoid-conflict-with-guava/listenablefuture-9999.0-empty-to-avoid-conflict-with-guava.jar:/Users/muralisubramani/.m2/repository/org/checkerframework/checker-qual/3.12.0/checker-qual-3.12.0.jar:/Users/muralisubramani/.m2/repository/com/google/errorprone/error_prone_annotations/2.7.1/error_prone_annotations-2.7.1.jar:/Users/muralisubramani/.m2/repository/com/google/j2objc/j2objc-annotations/1.3/j2objc-annotations-1.3.jar:/Users/muralisubramani/.m2/repository/com/google/http-client/google-http-client-apache-v2/1.41.1/google-http-client-apache-v2-1.41.1.jar:/Users/muralisubramani/.m2/repository/org/apache/httpcomponents/httpcore/4.4.15/httpcore-4.4.15.jar:/Users/muralisubramani/.m2/repository/org/apache/httpcomponents/httpclient/4.5.13/httpclient-4.5.13.jar:/Users/muralisubramani/.m2/repository/commons-logging/commons-logging/1.2/commons-logging-1.2.jar:/Users/muralisubramani/.m2/repository/com/google/http-client/google-http-client/1.41.1/google-http-client-1.41.1.jar:/Users/muralisubramani/.m2/repository/io/opencensus/opencensus-api/0.30.0/opencensus-api-0.30.0.jar:/Users/muralisubramani/.m2/repository/io/grpc/grpc-context/1.27.2/grpc-context-1.27.2.jar:/Users/muralisubramani/.m2/repository/io/opencensus/opencensus-contrib-http-util/0.30.0/opencensus-contrib-http-util-0.30.0.jar:/Users/muralisubramani/.m2/repository/com/google/oauth-client/google-oauth-client/1.33.0/google-oauth-client-1.33.0.jar:/Users/muralisubramani/.m2/repository/com/google/api-client/google-api-client-java6/1.32.1/google-api-client-java6-1.32.1.jar:/Users/muralisubramani/.m2/repository/com/google/oauth-client/google-oauth-client-java6/1.31.5/google-oauth-client-java6-1.31.5.jar:/Users/muralisubramani/.m2/repository/com/google/apis/google-api-services-androidpublisher/v3-rev142-1.25.0/google-api-services-androidpublisher-v3-rev142-1.25.0.jar:/Users/muralisubramani/.m2/repository/com/google/oauth-client/google-oauth-client-jetty/1.33.0/google-oauth-client-jetty-1.33.0.jar:/Users/muralisubramani/.m2/repository/com/google/api-client/google-api-client-jackson2/1.33.1/google-api-client-jackson2-1.33.1.jar:/Users/muralisubramani/.m2/repository/com/google/apis/google-api-services-sheets/v4-rev612-1.25.0/google-api-services-sheets-v4-rev612-1.25.0.jar:/Users/muralisubramani/.m2/repository/com/google/api/client/google-api-client-json/1.2.3-alpha/google-api-client-json-1.2.3-alpha.jar:/Users/muralisubramani/.m2/repository/com/google/api/client/google-api-client-http/1.2.3-alpha/google-api-client-http-1.2.3-alpha.jar:/Users/muralisubramani/.m2/repository/com/google/api/client/google-api-client-escape/1.2.3-alpha/google-api-client-escape-1.2.3-alpha.jar:/Users/muralisubramani/.m2/repository/com/google/api/client/google-api-client-repackaged-com-google-common-base/1.2.3-alpha/google-api-client-repackaged-com-google-common-base-1.2.3-alpha.jar:/Users/muralisubramani/.m2/repository/com/google/api/client/google-api-client-util/1.2.3-alpha/google-api-client-util-1.2.3-alpha.jar:/Users/muralisubramani/.m2/repository/org/codehaus/jackson/jackson-core-asl/1.5.7/jackson-core-asl-1.5.7.jar:/Users/muralisubramani/.m2/repository/com/relevantcodes/extentreports/2.41.2/extentreports-2.41.2.jar:/Users/muralisubramani/.m2/repository/org/jsoup/jsoup/1.8.3/jsoup-1.8.3.jar:/Users/muralisubramani/.m2/repository/org/xerial/sqlite-jdbc/3.8.11.1/sqlite-jdbc-3.8.11.1.jar:/Users/muralisubramani/.m2/repository/org/freemarker/freemarker/2.3.23/freemarker-2.3.23.jar:/Users/muralisubramani/.m2/repository/org/mongodb/mongodb-driver/3.0.4/mongodb-driver-3.0.4.jar:/Users/muralisubramani/.m2/repository/org/mongodb/bson/3.0.4/bson-3.0.4.jar:/Users/muralisubramani/.m2/repository/org/mongodb/mongodb-driver-core/3.0.4/mongodb-driver-core-3.0.4.jar:"/>
    <property name="java.vm.vendor" value="Oracle Corporation"/>
    <property name="sun.arch.data.model" value="64"/>
    <property name="java.vendor.url" value="http://java.oracle.com/"/>
    <property name="user.timezone" value="America/Los_Angeles"/>
    <property name="java.vm.specification.version" value="1.8"/>
    <property name="os.name" value="Mac OS X"/>
    <property name="user.country" value="US"/>
    <property name="sun.java.launcher" value="SUN_STANDARD"/>
    <property name="sun.boot.library.path" value="/Library/Java/JavaVirtualMachines/jdk1.8.0_321.jdk/Contents/Home/jre/lib"/>
    <property name="sun.java.command" value="/Users/muralisubramani/eclipse-workspace/FreeCRMTest/target/surefire/surefirebooter8480493103258490211.jar /Users/muralisubramani/eclipse-workspace/FreeCRMTest/target/surefire 2022-02-20T22-36-20_943-jvmRun1 surefire1330434049094149021tmp surefire_0944630247275663940tmp"/>
    <property name="http.nonProxyHosts" value="local|*.local|169.254/16|*.169.254/16"/>
    <property name="surefire.test.class.path" value="/Users/muralisubramani/eclipse-workspace/FreeCRMTest/target/test-classes:/Users/muralisubramani/eclipse-workspace/FreeCRMTest/target/classes:/Users/muralisubramani/.m2/repository/org/seleniumhq/selenium/selenium-java/4.1.2/selenium-java-4.1.2.jar:/Users/muralisubramani/.m2/repository/org/seleniumhq/selenium/selenium-api/4.1.2/selenium-api-4.1.2.jar:/Users/muralisubramani/.m2/repository/org/seleniumhq/selenium/selenium-chrome-driver/4.1.2/selenium-chrome-driver-4.1.2.jar:/Users/muralisubramani/.m2/repository/com/google/auto/service/auto-service-annotations/1.0.1/auto-service-annotations-1.0.1.jar:/Users/muralisubramani/.m2/repository/com/google/auto/service/auto-service/1.0.1/auto-service-1.0.1.jar:/Users/muralisubramani/.m2/repository/com/google/auto/auto-common/1.2/auto-common-1.2.jar:/Users/muralisubramani/.m2/repository/org/seleniumhq/selenium/selenium-chromium-driver/4.1.2/selenium-chromium-driver-4.1.2.jar:/Users/muralisubramani/.m2/repository/org/seleniumhq/selenium/selenium-json/4.1.2/selenium-json-4.1.2.jar:/Users/muralisubramani/.m2/repository/org/seleniumhq/selenium/selenium-devtools-v85/4.1.2/selenium-devtools-v85-4.1.2.jar:/Users/muralisubramani/.m2/repository/org/seleniumhq/selenium/selenium-devtools-v95/4.1.2/selenium-devtools-v95-4.1.2.jar:/Users/muralisubramani/.m2/repository/org/seleniumhq/selenium/selenium-devtools-v96/4.1.2/selenium-devtools-v96-4.1.2.jar:/Users/muralisubramani/.m2/repository/org/seleniumhq/selenium/selenium-devtools-v97/4.1.2/selenium-devtools-v97-4.1.2.jar:/Users/muralisubramani/.m2/repository/org/seleniumhq/selenium/selenium-edge-driver/4.1.2/selenium-edge-driver-4.1.2.jar:/Users/muralisubramani/.m2/repository/org/seleniumhq/selenium/selenium-firefox-driver/4.1.2/selenium-firefox-driver-4.1.2.jar:/Users/muralisubramani/.m2/repository/org/seleniumhq/selenium/selenium-firefox-xpi-driver/4.1.2/selenium-firefox-xpi-driver-4.1.2.jar:/Users/muralisubramani/.m2/repository/org/seleniumhq/selenium/selenium-ie-driver/4.1.2/selenium-ie-driver-4.1.2.jar:/Users/muralisubramani/.m2/repository/org/seleniumhq/selenium/selenium-opera-driver/4.1.2/selenium-opera-driver-4.1.2.jar:/Users/muralisubramani/.m2/repository/org/seleniumhq/selenium/selenium-remote-driver/4.1.2/selenium-remote-driver-4.1.2.jar:/Users/muralisubramani/.m2/repository/io/netty/netty-buffer/4.1.73.Final/netty-buffer-4.1.73.Final.jar:/Users/muralisubramani/.m2/repository/io/netty/netty-codec-http/4.1.73.Final/netty-codec-http-4.1.73.Final.jar:/Users/muralisubramani/.m2/repository/io/netty/netty-codec/4.1.73.Final/netty-codec-4.1.73.Final.jar:/Users/muralisubramani/.m2/repository/io/netty/netty-handler/4.1.73.Final/netty-handler-4.1.73.Final.jar:/Users/muralisubramani/.m2/repository/io/netty/netty-tcnative-classes/2.0.46.Final/netty-tcnative-classes-2.0.46.Final.jar:/Users/muralisubramani/.m2/repository/io/netty/netty-common/4.1.73.Final/netty-common-4.1.73.Final.jar:/Users/muralisubramani/.m2/repository/io/netty/netty-transport-classes-epoll/4.1.73.Final/netty-transport-classes-epoll-4.1.73.Final.jar:/Users/muralisubramani/.m2/repository/io/netty/netty-transport-classes-kqueue/4.1.73.Final/netty-transport-classes-kqueue-4.1.73.Final.jar:/Users/muralisubramani/.m2/repository/io/netty/netty-transport-native-epoll/4.1.73.Final/netty-transport-native-epoll-4.1.73.Final.jar:/Users/muralisubramani/.m2/repository/io/netty/netty-transport-native-kqueue/4.1.73.Final/netty-transport-native-kqueue-4.1.73.Final.jar:/Users/muralisubramani/.m2/repository/io/netty/netty-transport-native-unix-common/4.1.73.Final/netty-transport-native-unix-common-4.1.73.Final.jar:/Users/muralisubramani/.m2/repository/io/netty/netty-transport/4.1.73.Final/netty-transport-4.1.73.Final.jar:/Users/muralisubramani/.m2/repository/io/netty/netty-resolver/4.1.73.Final/netty-resolver-4.1.73.Final.jar:/Users/muralisubramani/.m2/repository/io/opentelemetry/opentelemetry-api/1.10.1/opentelemetry-api-1.10.1.jar:/Users/muralisubramani/.m2/repository/io/opentelemetry/opentelemetry-context/1.10.1/opentelemetry-context-1.10.1.jar:/Users/muralisubramani/.m2/repository/io/opentelemetry/opentelemetry-exporter-logging/1.10.1/opentelemetry-exporter-logging-1.10.1.jar:/Users/muralisubramani/.m2/repository/io/opentelemetry/opentelemetry-sdk-metrics/1.10.1-alpha/opentelemetry-sdk-metrics-1.10.1-alpha.jar:/Users/muralisubramani/.m2/repository/io/opentelemetry/opentelemetry-sdk-logs/1.10.1-alpha/opentelemetry-sdk-logs-1.10.1-alpha.jar:/Users/muralisubramani/.m2/repository/io/opentelemetry/opentelemetry-sdk-common/1.10.1/opentelemetry-sdk-common-1.10.1.jar:/Users/muralisubramani/.m2/repository/io/opentelemetry/opentelemetry-sdk-extension-autoconfigure-spi/1.10.1/opentelemetry-sdk-extension-autoconfigure-spi-1.10.1.jar:/Users/muralisubramani/.m2/repository/io/opentelemetry/opentelemetry-sdk-extension-autoconfigure/1.10.1-alpha/opentelemetry-sdk-extension-autoconfigure-1.10.1-alpha.jar:/Users/muralisubramani/.m2/repository/io/opentelemetry/opentelemetry-sdk-trace/1.10.1/opentelemetry-sdk-trace-1.10.1.jar:/Users/muralisubramani/.m2/repository/io/opentelemetry/opentelemetry-sdk/1.10.1/opentelemetry-sdk-1.10.1.jar:/Users/muralisubramani/.m2/repository/io/opentelemetry/opentelemetry-semconv/1.10.1-alpha/opentelemetry-semconv-1.10.1-alpha.jar:/Users/muralisubramani/.m2/repository/io/ous/jtoml/2.0.0/jtoml-2.0.0.jar:/Users/muralisubramani/.m2/repository/net/bytebuddy/byte-buddy/1.12.7/byte-buddy-1.12.7.jar:/Users/muralisubramani/.m2/repository/org/apache/commons/commons-exec/1.3/commons-exec-1.3.jar:/Users/muralisubramani/.m2/repository/org/asynchttpclient/async-http-client/2.12.3/async-http-client-2.12.3.jar:/Users/muralisubramani/.m2/repository/org/asynchttpclient/async-http-client-netty-utils/2.12.3/async-http-client-netty-utils-2.12.3.jar:/Users/muralisubramani/.m2/repository/io/netty/netty-codec-socks/4.1.60.Final/netty-codec-socks-4.1.60.Final.jar:/Users/muralisubramani/.m2/repository/io/netty/netty-handler-proxy/4.1.60.Final/netty-handler-proxy-4.1.60.Final.jar:/Users/muralisubramani/.m2/repository/io/netty/netty-transport-native-epoll/4.1.60.Final/netty-transport-native-epoll-4.1.60.Final-linux-x86_64.jar:/Users/muralisubramani/.m2/repository/io/netty/netty-transport-native-kqueue/4.1.60.Final/netty-transport-native-kqueue-4.1.60.Final-osx-x86_64.jar:/Users/muralisubramani/.m2/repository/org/reactivestreams/reactive-streams/1.0.3/reactive-streams-1.0.3.jar:/Users/muralisubramani/.m2/repository/com/typesafe/netty/netty-reactive-streams/2.0.4/netty-reactive-streams-2.0.4.jar:/Users/muralisubramani/.m2/repository/com/sun/activation/jakarta.activation/1.2.2/jakarta.activation-1.2.2.jar:/Users/muralisubramani/.m2/repository/org/seleniumhq/selenium/selenium-http/4.1.2/selenium-http-4.1.2.jar:/Users/muralisubramani/.m2/repository/net/jodah/failsafe/2.4.4/failsafe-2.4.4.jar:/Users/muralisubramani/.m2/repository/org/seleniumhq/selenium/selenium-safari-driver/4.1.2/selenium-safari-driver-4.1.2.jar:/Users/muralisubramani/.m2/repository/org/seleniumhq/selenium/selenium-support/4.1.2/selenium-support-4.1.2.jar:/Users/muralisubramani/.m2/repository/org/testng/testng/7.5/testng-7.5.jar:/Users/muralisubramani/.m2/repository/com/google/code/findbugs/jsr305/3.0.1/jsr305-3.0.1.jar:/Users/muralisubramani/.m2/repository/org/slf4j/slf4j-api/1.7.32/slf4j-api-1.7.32.jar:/Users/muralisubramani/.m2/repository/com/beust/jcommander/1.78/jcommander-1.78.jar:/Users/muralisubramani/.m2/repository/org/webjars/jquery/3.5.1/jquery-3.5.1.jar:/Users/muralisubramani/.m2/repository/org/apache/poi/poi-ooxml/5.2.0/poi-ooxml-5.2.0.jar:/Users/muralisubramani/.m2/repository/org/apache/poi/poi-ooxml-lite/5.2.0/poi-ooxml-lite-5.2.0.jar:/Users/muralisubramani/.m2/repository/org/apache/xmlbeans/xmlbeans/5.0.3/xmlbeans-5.0.3.jar:/Users/muralisubramani/.m2/repository/xml-apis/xml-apis/1.4.01/xml-apis-1.4.01.jar:/Users/muralisubramani/.m2/repository/org/apache/commons/commons-compress/1.21/commons-compress-1.21.jar:/Users/muralisubramani/.m2/repository/commons-io/commons-io/2.11.0/commons-io-2.11.0.jar:/Users/muralisubramani/.m2/repository/com/github/virtuald/curvesapi/1.06/curvesapi-1.06.jar:/Users/muralisubramani/.m2/repository/org/apache/logging/log4j/log4j-api/2.17.1/log4j-api-2.17.1.jar:/Users/muralisubramani/.m2/repository/org/apache/commons/commons-collections4/4.4/commons-collections4-4.4.jar:/Users/muralisubramani/.m2/repository/org/apache/poi/poi-ooxml-schemas/4.1.2/poi-ooxml-schemas-4.1.2.jar:/Users/muralisubramani/.m2/repository/org/apache/poi/poi-scratchpad/5.2.0/poi-scratchpad-5.2.0.jar:/Users/muralisubramani/.m2/repository/org/apache/commons/commons-math3/3.6.1/commons-math3-3.6.1.jar:/Users/muralisubramani/.m2/repository/commons-codec/commons-codec/1.15/commons-codec-1.15.jar:/Users/muralisubramani/.m2/repository/org/apache/poi/ooxml-schemas/1.4/ooxml-schemas-1.4.jar:/Users/muralisubramani/.m2/repository/org/apache/poi/openxml4j/1.0-beta/openxml4j-1.0-beta.jar:/Users/muralisubramani/.m2/repository/dom4j/dom4j/1.6.1/dom4j-1.6.1.jar:/Users/muralisubramani/.m2/repository/log4j/log4j/1.2.8/log4j-1.2.8.jar:/Users/muralisubramani/.m2/repository/org/apache/poi/poi/5.2.0/poi-5.2.0.jar:/Users/muralisubramani/.m2/repository/com/zaxxer/SparseBitSet/1.2/SparseBitSet-1.2.jar:/Users/muralisubramani/.m2/repository/com/google/api-client/google-api-client/1.33.1/google-api-client-1.33.1.jar:/Users/muralisubramani/.m2/repository/com/google/http-client/google-http-client-gson/1.41.1/google-http-client-gson-1.41.1.jar:/Users/muralisubramani/.m2/repository/com/google/code/gson/gson/2.8.9/gson-2.8.9.jar:/Users/muralisubramani/.m2/repository/com/google/guava/guava/31.0.1-jre/guava-31.0.1-jre.jar:/Users/muralisubramani/.m2/repository/com/google/guava/failureaccess/1.0.1/failureaccess-1.0.1.jar:/Users/muralisubramani/.m2/repository/com/google/guava/listenablefuture/9999.0-empty-to-avoid-conflict-with-guava/listenablefuture-9999.0-empty-to-avoid-conflict-with-guava.jar:/Users/muralisubramani/.m2/repository/org/checkerframework/checker-qual/3.12.0/checker-qual-3.12.0.jar:/Users/muralisubramani/.m2/repository/com/google/errorprone/error_prone_annotations/2.7.1/error_prone_annotations-2.7.1.jar:/Users/muralisubramani/.m2/repository/com/google/j2objc/j2objc-annotations/1.3/j2objc-annotations-1.3.jar:/Users/muralisubramani/.m2/repository/com/google/http-client/google-http-client-apache-v2/1.41.1/google-http-client-apache-v2-1.41.1.jar:/Users/muralisubramani/.m2/repository/org/apache/httpcomponents/httpcore/4.4.15/httpcore-4.4.15.jar:/Users/muralisubramani/.m2/repository/org/apache/httpcomponents/httpclient/4.5.13/httpclient-4.5.13.jar:/Users/muralisubramani/.m2/repository/commons-logging/commons-logging/1.2/commons-logging-1.2.jar:/Users/muralisubramani/.m2/repository/com/google/http-client/google-http-client/1.41.1/google-http-client-1.41.1.jar:/Users/muralisubramani/.m2/repository/io/opencensus/opencensus-api/0.30.0/opencensus-api-0.30.0.jar:/Users/muralisubramani/.m2/repository/io/grpc/grpc-context/1.27.2/grpc-context-1.27.2.jar:/Users/muralisubramani/.m2/repository/io/opencensus/opencensus-contrib-http-util/0.30.0/opencensus-contrib-http-util-0.30.0.jar:/Users/muralisubramani/.m2/repository/com/google/oauth-client/google-oauth-client/1.33.0/google-oauth-client-1.33.0.jar:/Users/muralisubramani/.m2/repository/com/google/api-client/google-api-client-java6/1.32.1/google-api-client-java6-1.32.1.jar:/Users/muralisubramani/.m2/repository/com/google/oauth-client/google-oauth-client-java6/1.31.5/google-oauth-client-java6-1.31.5.jar:/Users/muralisubramani/.m2/repository/com/google/apis/google-api-services-androidpublisher/v3-rev142-1.25.0/google-api-services-androidpublisher-v3-rev142-1.25.0.jar:/Users/muralisubramani/.m2/repository/com/google/oauth-client/google-oauth-client-jetty/1.33.0/google-oauth-client-jetty-1.33.0.jar:/Users/muralisubramani/.m2/repository/com/google/api-client/google-api-client-jackson2/1.33.1/google-api-client-jackson2-1.33.1.jar:/Users/muralisubramani/.m2/repository/com/google/apis/google-api-services-sheets/v4-rev612-1.25.0/google-api-services-sheets-v4-rev612-1.25.0.jar:/Users/muralisubramani/.m2/repository/com/google/api/client/google-api-client-json/1.2.3-alpha/google-api-client-json-1.2.3-alpha.jar:/Users/muralisubramani/.m2/repository/com/google/api/client/google-api-client-http/1.2.3-alpha/google-api-client-http-1.2.3-alpha.jar:/Users/muralisubramani/.m2/repository/com/google/api/client/google-api-client-escape/1.2.3-alpha/google-api-client-escape-1.2.3-alpha.jar:/Users/muralisubramani/.m2/repository/com/google/api/client/google-api-client-repackaged-com-google-common-base/1.2.3-alpha/google-api-client-repackaged-com-google-common-base-1.2.3-alpha.jar:/Users/muralisubramani/.m2/repository/com/google/api/client/google-api-client-util/1.2.3-alpha/google-api-client-util-1.2.3-alpha.jar:/Users/muralisubramani/.m2/repository/org/codehaus/jackson/jackson-core-asl/1.5.7/jackson-core-asl-1.5.7.jar:/Users/muralisubramani/.m2/repository/com/relevantcodes/extentreports/2.41.2/extentreports-2.41.2.jar:/Users/muralisubramani/.m2/repository/org/jsoup/jsoup/1.8.3/jsoup-1.8.3.jar:/Users/muralisubramani/.m2/repository/org/xerial/sqlite-jdbc/3.8.11.1/sqlite-jdbc-3.8.11.1.jar:/Users/muralisubramani/.m2/repository/org/freemarker/freemarker/2.3.23/freemarker-2.3.23.jar:/Users/muralisubramani/.m2/repository/org/mongodb/mongodb-driver/3.0.4/mongodb-driver-3.0.4.jar:/Users/muralisubramani/.m2/repository/org/mongodb/bson/3.0.4/bson-3.0.4.jar:/Users/muralisubramani/.m2/repository/org/mongodb/mongodb-driver-core/3.0.4/mongodb-driver-core-3.0.4.jar:"/>
    <property name="sun.cpu.endian" value="little"/>
    <property name="user.home" value="/Users/muralisubramani"/>
    <property name="user.language" value="en"/>
    <property name="java.specification.vendor" value="Oracle Corporation"/>
    <property name="java.home" value="/Library/Java/JavaVirtualMachines/jdk1.8.0_321.jdk/Contents/Home/jre"/>
    <property name="basedir" value="/Users/muralisubramani/eclipse-workspace/FreeCRMTest"/>
    <property name="file.separator" value="/"/>
    <property name="line.separator" value="&#10;"/>
    <property name="java.vm.specification.vendor" value="Oracle Corporation"/>
    <property name="java.specification.name" value="Java Platform API Specification"/>
    <property name="java.awt.graphicsenv" value="sun.awt.CGraphicsEnvironment"/>
    <property name="surefire.real.class.path" value="/Users/muralisubramani/eclipse-workspace/FreeCRMTest/target/surefire/surefirebooter8480493103258490211.jar"/>
    <property name="sun.boot.class.path" value="/Library/Java/JavaVirtualMachines/jdk1.8.0_321.jdk/Contents/Home/jre/lib/resources.jar:/Library/Java/JavaVirtualMachines/jdk1.8.0_321.jdk/Contents/Home/jre/lib/rt.jar:/Library/Java/JavaVirtualMachines/jdk1.8.0_321.jdk/Contents/Home/jre/lib/sunrsasign.jar:/Library/Java/JavaVirtualMachines/jdk1.8.0_321.jdk/Contents/Home/jre/lib/jsse.jar:/Library/Java/JavaVirtualMachines/jdk1.8.0_321.jdk/Contents/Home/jre/lib/jce.jar:/Library/Java/JavaVirtualMachines/jdk1.8.0_321.jdk/Contents/Home/jre/lib/charsets.jar:/Library/Java/JavaVirtualMachines/jdk1.8.0_321.jdk/Contents/Home/jre/lib/jfr.jar:/Library/Java/JavaVirtualMachines/jdk1.8.0_321.jdk/Contents/Home/jre/classes"/>
    <property name="sun.management.compiler" value="HotSpot 64-Bit Tiered Compilers"/>
    <property name="ftp.nonProxyHosts" value="local|*.local|169.254/16|*.169.254/16"/>
    <property name="java.runtime.version" value="1.8.0_321-b07"/>
    <property name="user.name" value="muralisubramani"/>
    <property name="path.separator" value=":"/>
    <property name="os.version" value="11.5.2"/>
    <property name="java.endorsed.dirs" value="/Library/Java/JavaVirtualMachines/jdk1.8.0_321.jdk/Contents/Home/jre/lib/endorsed"/>
    <property name="java.runtime.name" value="Java(TM) SE Runtime Environment"/>
    <property name="file.encoding" value="UTF-8"/>
    <property name="java.vm.name" value="Java HotSpot(TM) 64-Bit Server VM"/>
    <property name="localRepository" value="/Users/muralisubramani/.m2/repository"/>
    <property name="java.vendor.url.bug" value="http://bugreport.sun.com/bugreport/"/>
    <property name="java.io.tmpdir" value="/var/folders/qy/j_86_fn55qn06r3dxwx_fmk80000gn/T/"/>
    <property name="java.version" value="1.8.0_321"/>
    <property name="user.dir" value="/Users/muralisubramani/eclipse-workspace/FreeCRMTest"/>
    <property name="os.arch" value="x86_64"/>
    <property name="java.vm.specification.name" value="Java Virtual Machine Specification"/>
    <property name="WebDriver.chrome.driver" value="/Users/muralisubramani/Desktop/SeleniumWebDrivers/chromedriver"/>
    <property name="java.awt.printerjob" value="sun.lwawt.macosx.CPrinterJob"/>
    <property name="sun.os.patch.level" value="unknown"/>
    <property name="java.library.path" value="/Users/muralisubramani/Library/Java/Extensions:/Library/Java/Extensions:/Network/Library/Java/Extensions:/System/Library/Java/Extensions:/usr/lib/java:."/>
    <property name="java.vm.info" value="mixed mode"/>
    <property name="java.vendor" value="Oracle Corporation"/>
    <property name="java.vm.version" value="25.321-b07"/>
    <property name="java.ext.dirs" value="/Users/muralisubramani/Library/Java/Extensions:/Library/Java/JavaVirtualMachines/jdk1.8.0_321.jdk/Contents/Home/jre/lib/ext:/Library/Java/Extensions:/Network/Library/Java/Extensions:/System/Library/Java/Extensions:/usr/lib/java"/>
    <property name="sun.io.unicode.encoding" value="UnicodeBig"/>
    <property name="java.class.version" value="52.0"/>
    <property name="socksNonProxyHosts" value="local|*.local|169.254/16|*.169.254/16"/>
  </properties>
  <testcase name="CreateNewEventPageTest" classname="com.crm.qa.Testcases.CreateNewEventTest" time="0">
    <skipped message="java.lang.NullPointerException"/>
    <system-err><![CDATA[SLF4J: Failed to load class "org.slf4j.impl.StaticLoggerBinder".
SLF4J: Defaulting to no-operation (NOP) logger implementation
SLF4J: See http://www.slf4j.org/codes.html#StaticLoggerBinder for further details.
ERROR StatusLogger Log4j2 could not find a logging implementation. Please add log4j-core to the classpath. Using SimpleLogger to log to the console...
]]></system-err>
  </testcase>
  <testcase name="CalenderIconClickTest" classname="com.crm.qa.Testcases.HomePageTest" time="2.74">
    <system-out><![CDATA[Before navigating to: 'https://freecrm.com/'
Navigated to:'https://freecrm.com/'
Trying to find Element By : By.xpath: //a[contains(text(),'Login')]
Found Element By : By.xpath: //a[contains(text(),'Login')]
Trying to find Element By : By.xpath: //a[contains(text(),'Login')]
Found Element By : By.xpath: //a[contains(text(),'Login')]
Trying to click on: [[ChromeDriver: chrome on MAC (e387f97dda422a008874260eab6ad30b)] -> xpath: //a[contains(text(),'Login')]]
Clicked on: [[ChromeDriver: chrome on MAC (e387f97dda422a008874260eab6ad30b)] -> xpath: //a[contains(text(),'Login')]]
Trying to find Element By : By.name: email
Found Element By : By.name: email
Trying to find Element By : By.name: password
Found Element By : By.name: password
Trying to find Element By : By.xpath: //div[@class='ui fluid large blue submit button']
Found Element By : By.xpath: //div[@class='ui fluid large blue submit button']
Trying to find Element By : By.xpath: //div[@class='ui fluid large blue submit button']
Found Element By : By.xpath: //div[@class='ui fluid large blue submit button']
Trying to click on: [[ChromeDriver: chrome on MAC (e387f97dda422a008874260eab6ad30b)] -> xpath: //div[@class='ui fluid large blue submit button']]
Clicked on: [[ChromeDriver: chrome on MAC (e387f97dda422a008874260eab6ad30b)] -> xpath: //div[@class='ui fluid large blue submit button']]
Trying to find Element By : By.xpath: //div[@id='main-nav']//child::div[2]//a//i
Found Element By : By.xpath: //div[@id='main-nav']//child::div[2]//a//i
Trying to find Element By : By.xpath: //div[@id='main-nav']//child::div[2]//a//i
Found Element By : By.xpath: //div[@id='main-nav']//child::div[2]//a//i
Trying to click on: [[ChromeDriver: chrome on MAC (e387f97dda422a008874260eab6ad30b)] -> xpath: //div[@id='main-nav']//child::div[2]//a//i]
Clicked on: [[ChromeDriver: chrome on MAC (e387f97dda422a008874260eab6ad30b)] -> xpath: //div[@id='main-nav']//child::div[2]//a//i]
]]></system-out>
    <system-err><![CDATA[Starting ChromeDriver 97.0.4692.20 (6559bb085abcaedffe35d268b3546c43f755151c-refs/branch-heads/4692@{#186}) on port 50564
Only local connections are allowed.
Please see https://chromedriver.chromium.org/security-considerations for suggestions on keeping ChromeDriver safe.
ChromeDriver was started successfully.
[1645425398.171][WARNING]: This version of ChromeDriver has not been tested with Chrome version 98.
Feb 20, 2022 10:36:38 PM org.openqa.selenium.remote.ProtocolHandshake createSession
INFO: Detected dialect: W3C
Feb 20, 2022 10:36:38 PM org.openqa.selenium.devtools.CdpVersionFinder findNearestMatch
WARNING: Unable to find an exact match for CDP version 98, so returning the closest version found: 97
Feb 20, 2022 10:36:38 PM org.openqa.selenium.devtools.CdpVersionFinder findNearestMatch
INFO: Found CDP implementation for version 98 of 97
]]></system-err>
  </testcase>
  <testcase name="ValidateHomePageTitleTest" classname="com.crm.qa.Testcases.HomePageTest" time="0.002">
    <system-out><![CDATA[Before navigating to: 'https://freecrm.com/'
Navigated to:'https://freecrm.com/'
Trying to find Element By : By.xpath: //a[contains(text(),'Login')]
Found Element By : By.xpath: //a[contains(text(),'Login')]
Trying to find Element By : By.xpath: //a[contains(text(),'Login')]
Found Element By : By.xpath: //a[contains(text(),'Login')]
Trying to click on: [[ChromeDriver: chrome on MAC (530e00dd57d3df94cc5c2c6f6cdbf2f5)] -> xpath: //a[contains(text(),'Login')]]
Clicked on: [[ChromeDriver: chrome on MAC (530e00dd57d3df94cc5c2c6f6cdbf2f5)] -> xpath: //a[contains(text(),'Login')]]
Trying to find Element By : By.name: email
Found Element By : By.name: email
Trying to find Element By : By.name: password
Found Element By : By.name: password
Trying to find Element By : By.xpath: //div[@class='ui fluid large blue submit button']
Found Element By : By.xpath: //div[@class='ui fluid large blue submit button']
Trying to find Element By : By.xpath: //div[@class='ui fluid large blue submit button']
Found Element By : By.xpath: //div[@class='ui fluid large blue submit button']
Trying to click on: [[ChromeDriver: chrome on MAC (530e00dd57d3df94cc5c2c6f6cdbf2f5)] -> xpath: //div[@class='ui fluid large blue submit button']]
Clicked on: [[ChromeDriver: chrome on MAC (530e00dd57d3df94cc5c2c6f6cdbf2f5)] -> xpath: //div[@class='ui fluid large blue submit button']]
]]></system-out>
    <system-err><![CDATA[Starting ChromeDriver 97.0.4692.20 (6559bb085abcaedffe35d268b3546c43f755151c-refs/branch-heads/4692@{#186}) on port 59631
Only local connections are allowed.
Please see https://chromedriver.chromium.org/security-considerations for suggestions on keeping ChromeDriver safe.
ChromeDriver was started successfully.
[1645425413.816][WARNING]: This version of ChromeDriver has not been tested with Chrome version 98.
Feb 20, 2022 10:36:54 PM org.openqa.selenium.remote.ProtocolHandshake createSession
INFO: Detected dialect: W3C
Feb 20, 2022 10:36:54 PM org.openqa.selenium.devtools.CdpVersionFinder findNearestMatch
WARNING: Unable to find an exact match for CDP version 98, so returning the closest version found: 97
Feb 20, 2022 10:36:54 PM org.openqa.selenium.devtools.CdpVersionFinder findNearestMatch
INFO: Found CDP implementation for version 98 of 97
]]></system-err>
  </testcase>
  <testcase name="VerifyUserName" classname="com.crm.qa.Testcases.HomePageTest" time="2.799">
    <system-out><![CDATA[Before navigating to: 'https://freecrm.com/'
Navigated to:'https://freecrm.com/'
Trying to find Element By : By.xpath: //a[contains(text(),'Login')]
Found Element By : By.xpath: //a[contains(text(),'Login')]
Trying to find Element By : By.xpath: //a[contains(text(),'Login')]
Found Element By : By.xpath: //a[contains(text(),'Login')]
Trying to click on: [[ChromeDriver: chrome on MAC (8744abc0c849324da2b751cd8c678abf)] -> xpath: //a[contains(text(),'Login')]]
Clicked on: [[ChromeDriver: chrome on MAC (8744abc0c849324da2b751cd8c678abf)] -> xpath: //a[contains(text(),'Login')]]
Trying to find Element By : By.name: email
Found Element By : By.name: email
Trying to find Element By : By.name: password
Found Element By : By.name: password
Trying to find Element By : By.xpath: //div[@class='ui fluid large blue submit button']
Found Element By : By.xpath: //div[@class='ui fluid large blue submit button']
Trying to find Element By : By.xpath: //div[@class='ui fluid large blue submit button']
Found Element By : By.xpath: //div[@class='ui fluid large blue submit button']
Trying to click on: [[ChromeDriver: chrome on MAC (8744abc0c849324da2b751cd8c678abf)] -> xpath: //div[@class='ui fluid large blue submit button']]
Clicked on: [[ChromeDriver: chrome on MAC (8744abc0c849324da2b751cd8c678abf)] -> xpath: //div[@class='ui fluid large blue submit button']]
Trying to find Element By : By.xpath: //div[@class='right menu']//span
Found Element By : By.xpath: //div[@class='right menu']//span
]]></system-out>
    <system-err><![CDATA[Starting ChromeDriver 97.0.4692.20 (6559bb085abcaedffe35d268b3546c43f755151c-refs/branch-heads/4692@{#186}) on port 54237
Only local connections are allowed.
Please see https://chromedriver.chromium.org/security-considerations for suggestions on keeping ChromeDriver safe.
ChromeDriver was started successfully.
[1645425424.962][WARNING]: This version of ChromeDriver has not been tested with Chrome version 98.
Feb 20, 2022 10:37:05 PM org.openqa.selenium.remote.ProtocolHandshake createSession
INFO: Detected dialect: W3C
Feb 20, 2022 10:37:05 PM org.openqa.selenium.devtools.CdpVersionFinder findNearestMatch
WARNING: Unable to find an exact match for CDP version 98, so returning the closest version found: 97
Feb 20, 2022 10:37:05 PM org.openqa.selenium.devtools.CdpVersionFinder findNearestMatch
INFO: Found CDP implementation for version 98 of 97
]]></system-err>
  </testcase>
  <testcase name="LogInValidation" classname="com.crm.qa.Testcases.LoginPageTest" time="2.638">
    <system-out><![CDATA[Before navigating to: 'https://freecrm.com/'
Navigated to:'https://freecrm.com/'
Trying to find Element By : By.xpath: //a[contains(text(),'Login')]
Found Element By : By.xpath: //a[contains(text(),'Login')]
Trying to find Element By : By.xpath: //a[contains(text(),'Login')]
Found Element By : By.xpath: //a[contains(text(),'Login')]
Trying to click on: [[ChromeDriver: chrome on MAC (0fdbc6cd5406042369f62021b5dcc7d3)] -> xpath: //a[contains(text(),'Login')]]
Clicked on: [[ChromeDriver: chrome on MAC (0fdbc6cd5406042369f62021b5dcc7d3)] -> xpath: //a[contains(text(),'Login')]]
Trying to find Element By : By.name: email
Found Element By : By.name: email
Trying to find Element By : By.name: password
Found Element By : By.name: password
Trying to find Element By : By.xpath: //div[@class='ui fluid large blue submit button']
Found Element By : By.xpath: //div[@class='ui fluid large blue submit button']
Trying to find Element By : By.xpath: //div[@class='ui fluid large blue submit button']
Found Element By : By.xpath: //div[@class='ui fluid large blue submit button']
Trying to click on: [[ChromeDriver: chrome on MAC (0fdbc6cd5406042369f62021b5dcc7d3)] -> xpath: //div[@class='ui fluid large blue submit button']]
Clicked on: [[ChromeDriver: chrome on MAC (0fdbc6cd5406042369f62021b5dcc7d3)] -> xpath: //div[@class='ui fluid large blue submit button']]
]]></system-out>
    <system-err><![CDATA[Starting ChromeDriver 97.0.4692.20 (6559bb085abcaedffe35d268b3546c43f755151c-refs/branch-heads/4692@{#186}) on port 54905
Only local connections are allowed.
Please see https://chromedriver.chromium.org/security-considerations for suggestions on keeping ChromeDriver safe.
ChromeDriver was started successfully.
[1645425438.854][WARNING]: This version of ChromeDriver has not been tested with Chrome version 98.
Feb 20, 2022 10:37:19 PM org.openqa.selenium.remote.ProtocolHandshake createSession
INFO: Detected dialect: W3C
Feb 20, 2022 10:37:19 PM org.openqa.selenium.devtools.CdpVersionFinder findNearestMatch
WARNING: Unable to find an exact match for CDP version 98, so returning the closest version found: 97
Feb 20, 2022 10:37:19 PM org.openqa.selenium.devtools.CdpVersionFinder findNearestMatch
INFO: Found CDP implementation for version 98 of 97
]]></system-err>
  </testcase>
  <testcase name="ValidateWelcomePage" classname="com.crm.qa.Testcases.WelcomePageTest" time="0.08">
    <system-out><![CDATA[Before navigating to: 'https://freecrm.com/'
Navigated to:'https://freecrm.com/'
]]></system-out>
    <system-err><![CDATA[Starting ChromeDriver 97.0.4692.20 (6559bb085abcaedffe35d268b3546c43f755151c-refs/branch-heads/4692@{#186}) on port 65060
Only local connections are allowed.
Please see https://chromedriver.chromium.org/security-considerations for suggestions on keeping ChromeDriver safe.
ChromeDriver was started successfully.
[1645425449.903][WARNING]: This version of ChromeDriver has not been tested with Chrome version 98.
Feb 20, 2022 10:37:30 PM org.openqa.selenium.remote.ProtocolHandshake createSession
INFO: Detected dialect: W3C
Feb 20, 2022 10:37:30 PM org.openqa.selenium.devtools.CdpVersionFinder findNearestMatch
WARNING: Unable to find an exact match for CDP version 98, so returning the closest version found: 97
Feb 20, 2022 10:37:30 PM org.openqa.selenium.devtools.CdpVersionFinder findNearestMatch
INFO: Found CDP implementation for version 98 of 97
]]></system-err>
  </testcase>
  <testcase name="LogInBtnEnabled" classname="com.crm.qa.Testcases.WelcomePageTest" time="7.82">
    <failure message="element click intercepted: Element &lt;a href=&quot;https://ui.freecrm.com/&quot;&gt;...&lt;/a&gt; is not clickable at point (940, 30). Other element would receive the click: &lt;div id=&quot;preloader&quot; style=&quot;opacity: 0.186336;&quot;&gt;...&lt;/div&gt;&#10;  (Session info: chrome=98.0.4758.102)&#10;Build info: version: &apos;4.1.2&apos;, revision: &apos;9a5a329c5a&apos;&#10;System info: host: &apos;Muralis-MacBook-Pro.local&apos;, ip: &apos;2601:1c0:6b01:55e0:0:0:0:93e1%en0&apos;, os.name: &apos;Mac OS X&apos;, os.arch: &apos;x86_64&apos;, os.version: &apos;11.5.2&apos;, java.version: &apos;1.8.0_321&apos;&#10;Driver info: org.openqa.selenium.chrome.ChromeDriver&#10;Command: [493b1a8619c40d07d164ce7c95b7aa19, clickElement {id=ee82324c-fedb-40d9-a92d-0bc6798341b7}]&#10;Capabilities {acceptInsecureCerts: false, browserName: chrome, browserVersion: 98.0.4758.102, chrome: {chromedriverVersion: 97.0.4692.20 (6559bb085abca..., userDataDir: /var/folders/qy/j_86_fn55qn...}, goog:chromeOptions: {debuggerAddress: localhost:52608}, javascriptEnabled: true, networkConnectionEnabled: false, pageLoadStrategy: normal, platform: MAC, platformName: MAC, proxy: Proxy(), se:cdp: ws://localhost:52608/devtoo..., se:cdpVersion: 98.0.4758.102, setWindowRect: true, strictFileInteractability: false, timeouts: {implicit: 0, pageLoad: 300000, script: 30000}, unhandledPromptBehavior: dismiss and notify, webauthn:extension:credBlob: true, webauthn:extension:largeBlob: true, webauthn:virtualAuthenticators: true}&#10;Element: [[ChromeDriver: chrome on MAC (493b1a8619c40d07d164ce7c95b7aa19)] -&gt; xpath: //a[contains(text(),&apos;Login&apos;)]]&#10;Session ID: 493b1a8619c40d07d164ce7c95b7aa19" type="org.openqa.selenium.ElementClickInterceptedException"><![CDATA[org.openqa.selenium.ElementClickInterceptedException: 
element click intercepted: Element <a href="https://ui.freecrm.com/">...</a> is not clickable at point (940, 30). Other element would receive the click: <div id="preloader" style="opacity: 0.186336;">...</div>
  (Session info: chrome=98.0.4758.102)
Build info: version: '4.1.2', revision: '9a5a329c5a'
System info: host: 'Muralis-MacBook-Pro.local', ip: '2601:1c0:6b01:55e0:0:0:0:93e1%en0', os.name: 'Mac OS X', os.arch: 'x86_64', os.version: '11.5.2', java.version: '1.8.0_321'
Driver info: org.openqa.selenium.chrome.ChromeDriver
Command: [493b1a8619c40d07d164ce7c95b7aa19, clickElement {id=ee82324c-fedb-40d9-a92d-0bc6798341b7}]
Capabilities {acceptInsecureCerts: false, browserName: chrome, browserVersion: 98.0.4758.102, chrome: {chromedriverVersion: 97.0.4692.20 (6559bb085abca..., userDataDir: /var/folders/qy/j_86_fn55qn...}, goog:chromeOptions: {debuggerAddress: localhost:52608}, javascriptEnabled: true, networkConnectionEnabled: false, pageLoadStrategy: normal, platform: MAC, platformName: MAC, proxy: Proxy(), se:cdp: ws://localhost:52608/devtoo..., se:cdpVersion: 98.0.4758.102, setWindowRect: true, strictFileInteractability: false, timeouts: {implicit: 0, pageLoad: 300000, script: 30000}, unhandledPromptBehavior: dismiss and notify, webauthn:extension:credBlob: true, webauthn:extension:largeBlob: true, webauthn:virtualAuthenticators: true}
Element: [[ChromeDriver: chrome on MAC (493b1a8619c40d07d164ce7c95b7aa19)] -> xpath: //a[contains(text(),'Login')]]
Session ID: 493b1a8619c40d07d164ce7c95b7aa19
	at com.crm.qa.Testcases.WelcomePageTest.LogInBtnEnabled(WelcomePageTest.java:40)
]]></failure>
    <system-out><![CDATA[Before navigating to: 'https://freecrm.com/'
Navigated to:'https://freecrm.com/'
Trying to find Element By : By.xpath: //a[contains(text(),'Login')]
Found Element By : By.xpath: //a[contains(text(),'Login')]
Trying to find Element By : By.xpath: //a[contains(text(),'Login')]
Found Element By : By.xpath: //a[contains(text(),'Login')]
Trying to click on: [[ChromeDriver: chrome on MAC (493b1a8619c40d07d164ce7c95b7aa19)] -> xpath: //a[contains(text(),'Login')]]
Exception occured: org.openqa.selenium.ElementClickInterceptedException: element click intercepted: Element <a href="https://ui.freecrm.com/">...</a> is not clickable at point (940, 30). Other element would receive the click: <div id="preloader" style="opacity: 0.186336;">...</div>
  (Session info: chrome=98.0.4758.102)
Build info: version: '4.1.2', revision: '9a5a329c5a'
System info: host: 'Muralis-MacBook-Pro.local', ip: '2601:1c0:6b01:55e0:0:0:0:93e1%en0', os.name: 'Mac OS X', os.arch: 'x86_64', os.version: '11.5.2', java.version: '1.8.0_321'
Driver info: org.openqa.selenium.chrome.ChromeDriver
Command: [493b1a8619c40d07d164ce7c95b7aa19, clickElement {id=ee82324c-fedb-40d9-a92d-0bc6798341b7}]
Capabilities {acceptInsecureCerts: false, browserName: chrome, browserVersion: 98.0.4758.102, chrome: {chromedriverVersion: 97.0.4692.20 (6559bb085abca..., userDataDir: /var/folders/qy/j_86_fn55qn...}, goog:chromeOptions: {debuggerAddress: localhost:52608}, javascriptEnabled: true, networkConnectionEnabled: false, pageLoadStrategy: normal, platform: MAC, platformName: MAC, proxy: Proxy(), se:cdp: ws://localhost:52608/devtoo..., se:cdpVersion: 98.0.4758.102, setWindowRect: true, strictFileInteractability: false, timeouts: {implicit: 0, pageLoad: 300000, script: 30000}, unhandledPromptBehavior: dismiss and notify, webauthn:extension:credBlob: true, webauthn:extension:largeBlob: true, webauthn:virtualAuthenticators: true}
Element: [[ChromeDriver: chrome on MAC (493b1a8619c40d07d164ce7c95b7aa19)] -> xpath: //a[contains(text(),'Login')]]
Session ID: 493b1a8619c40d07d164ce7c95b7aa19
]]></system-out>
    <system-err><![CDATA[Starting ChromeDriver 97.0.4692.20 (6559bb085abcaedffe35d268b3546c43f755151c-refs/branch-heads/4692@{#186}) on port 49182
Only local connections are allowed.
Please see https://chromedriver.chromium.org/security-considerations for suggestions on keeping ChromeDriver safe.
ChromeDriver was started successfully.
[1645425454.673][WARNING]: This version of ChromeDriver has not been tested with Chrome version 98.
Feb 20, 2022 10:37:34 PM org.openqa.selenium.remote.ProtocolHandshake createSession
INFO: Detected dialect: W3C
Feb 20, 2022 10:37:35 PM org.openqa.selenium.devtools.CdpVersionFinder findNearestMatch
WARNING: Unable to find an exact match for CDP version 98, so returning the closest version found: 97
Feb 20, 2022 10:37:35 PM org.openqa.selenium.devtools.CdpVersionFinder findNearestMatch
INFO: Found CDP implementation for version 98 of 97
]]></system-err>
  </testcase>
  <testcase name="setUp" classname="com.crm.qa.Testcases.CalenderPageTest" time="20.826">
    <failure message="element click intercepted: Element &lt;a href=&quot;https://ui.freecrm.com/&quot;&gt;...&lt;/a&gt; is not clickable at point (940, 30). Other element would receive the click: &lt;div id=&quot;preloader&quot;&gt;...&lt;/div&gt;&#10;  (Session info: chrome=98.0.4758.102)&#10;Build info: version: &apos;4.1.2&apos;, revision: &apos;9a5a329c5a&apos;&#10;System info: host: &apos;Muralis-MacBook-Pro.local&apos;, ip: &apos;2601:1c0:6b01:55e0:0:0:0:93e1%en0&apos;, os.name: &apos;Mac OS X&apos;, os.arch: &apos;x86_64&apos;, os.version: &apos;11.5.2&apos;, java.version: &apos;1.8.0_321&apos;&#10;Driver info: org.openqa.selenium.chrome.ChromeDriver&#10;Command: [65cc9cab414b8e206d08b5f41c1b1ad0, clickElement {id=904398e6-e75b-4e2c-beb6-cb24ed473dd8}]&#10;Capabilities {acceptInsecureCerts: false, browserName: chrome, browserVersion: 98.0.4758.102, chrome: {chromedriverVersion: 97.0.4692.20 (6559bb085abca..., userDataDir: /var/folders/qy/j_86_fn55qn...}, goog:chromeOptions: {debuggerAddress: localhost:52653}, javascriptEnabled: true, networkConnectionEnabled: false, pageLoadStrategy: normal, platform: MAC, platformName: MAC, proxy: Proxy(), se:cdp: ws://localhost:52653/devtoo..., se:cdpVersion: 98.0.4758.102, setWindowRect: true, strictFileInteractability: false, timeouts: {implicit: 0, pageLoad: 300000, script: 30000}, unhandledPromptBehavior: dismiss and notify, webauthn:extension:credBlob: true, webauthn:extension:largeBlob: true, webauthn:virtualAuthenticators: true}&#10;Element: [[ChromeDriver: chrome on MAC (65cc9cab414b8e206d08b5f41c1b1ad0)] -&gt; xpath: //a[contains(text(),&apos;Login&apos;)]]&#10;Session ID: 65cc9cab414b8e206d08b5f41c1b1ad0" type="org.openqa.selenium.ElementClickInterceptedException"><![CDATA[org.openqa.selenium.ElementClickInterceptedException: 
element click intercepted: Element <a href="https://ui.freecrm.com/">...</a> is not clickable at point (940, 30). Other element would receive the click: <div id="preloader">...</div>
  (Session info: chrome=98.0.4758.102)
Build info: version: '4.1.2', revision: '9a5a329c5a'
System info: host: 'Muralis-MacBook-Pro.local', ip: '2601:1c0:6b01:55e0:0:0:0:93e1%en0', os.name: 'Mac OS X', os.arch: 'x86_64', os.version: '11.5.2', java.version: '1.8.0_321'
Driver info: org.openqa.selenium.chrome.ChromeDriver
Command: [65cc9cab414b8e206d08b5f41c1b1ad0, clickElement {id=904398e6-e75b-4e2c-beb6-cb24ed473dd8}]
Capabilities {acceptInsecureCerts: false, browserName: chrome, browserVersion: 98.0.4758.102, chrome: {chromedriverVersion: 97.0.4692.20 (6559bb085abca..., userDataDir: /var/folders/qy/j_86_fn55qn...}, goog:chromeOptions: {debuggerAddress: localhost:52653}, javascriptEnabled: true, networkConnectionEnabled: false, pageLoadStrategy: normal, platform: MAC, platformName: MAC, proxy: Proxy(), se:cdp: ws://localhost:52653/devtoo..., se:cdpVersion: 98.0.4758.102, setWindowRect: true, strictFileInteractability: false, timeouts: {implicit: 0, pageLoad: 300000, script: 30000}, unhandledPromptBehavior: dismiss and notify, webauthn:extension:credBlob: true, webauthn:extension:largeBlob: true, webauthn:virtualAuthenticators: true}
Element: [[ChromeDriver: chrome on MAC (65cc9cab414b8e206d08b5f41c1b1ad0)] -> xpath: //a[contains(text(),'Login')]]
Session ID: 65cc9cab414b8e206d08b5f41c1b1ad0
	at com.crm.qa.Testcases.CalenderPageTest.setUp(CalenderPageTest.java:46)
]]></failure>
    <system-out><![CDATA[Before navigating to: 'https://freecrm.com/'
Navigated to:'https://freecrm.com/'
Trying to find Element By : By.xpath: //a[contains(text(),'Login')]
Found Element By : By.xpath: //a[contains(text(),'Login')]
Trying to find Element By : By.xpath: //a[contains(text(),'Login')]
Found Element By : By.xpath: //a[contains(text(),'Login')]
Trying to click on: [[ChromeDriver: chrome on MAC (65cc9cab414b8e206d08b5f41c1b1ad0)] -> xpath: //a[contains(text(),'Login')]]
Exception occured: org.openqa.selenium.ElementClickInterceptedException: element click intercepted: Element <a href="https://ui.freecrm.com/">...</a> is not clickable at point (940, 30). Other element would receive the click: <div id="preloader">...</div>
  (Session info: chrome=98.0.4758.102)
Build info: version: '4.1.2', revision: '9a5a329c5a'
System info: host: 'Muralis-MacBook-Pro.local', ip: '2601:1c0:6b01:55e0:0:0:0:93e1%en0', os.name: 'Mac OS X', os.arch: 'x86_64', os.version: '11.5.2', java.version: '1.8.0_321'
Driver info: org.openqa.selenium.chrome.ChromeDriver
Command: [65cc9cab414b8e206d08b5f41c1b1ad0, clickElement {id=904398e6-e75b-4e2c-beb6-cb24ed473dd8}]
Capabilities {acceptInsecureCerts: false, browserName: chrome, browserVersion: 98.0.4758.102, chrome: {chromedriverVersion: 97.0.4692.20 (6559bb085abca..., userDataDir: /var/folders/qy/j_86_fn55qn...}, goog:chromeOptions: {debuggerAddress: localhost:52653}, javascriptEnabled: true, networkConnectionEnabled: false, pageLoadStrategy: normal, platform: MAC, platformName: MAC, proxy: Proxy(), se:cdp: ws://localhost:52653/devtoo..., se:cdpVersion: 98.0.4758.102, setWindowRect: true, strictFileInteractability: false, timeouts: {implicit: 0, pageLoad: 300000, script: 30000}, unhandledPromptBehavior: dismiss and notify, webauthn:extension:credBlob: true, webauthn:extension:largeBlob: true, webauthn:virtualAuthenticators: true}
Element: [[ChromeDriver: chrome on MAC (65cc9cab414b8e206d08b5f41c1b1ad0)] -> xpath: //a[contains(text(),'Login')]]
Session ID: 65cc9cab414b8e206d08b5f41c1b1ad0
]]></system-out>
    <system-err><![CDATA[Starting ChromeDriver 97.0.4692.20 (6559bb085abcaedffe35d268b3546c43f755151c-refs/branch-heads/4692@{#186}) on port 49899
Only local connections are allowed.
Please see https://chromedriver.chromium.org/security-considerations for suggestions on keeping ChromeDriver safe.
ChromeDriver was started successfully.
[1645425466.832][WARNING]: This version of ChromeDriver has not been tested with Chrome version 98.
Feb 20, 2022 10:37:50 PM org.openqa.selenium.remote.ProtocolHandshake createSession
INFO: Detected dialect: W3C
Feb 20, 2022 10:37:50 PM org.openqa.selenium.devtools.CdpVersionFinder findNearestMatch
WARNING: Unable to find an exact match for CDP version 98, so returning the closest version found: 97
Feb 20, 2022 10:37:50 PM org.openqa.selenium.devtools.CdpVersionFinder findNearestMatch
INFO: Found CDP implementation for version 98 of 97
]]></system-err>
  </testcase>
  <testcase name="setUp" classname="com.crm.qa.Testcases.CalenderPageTest" time="0">
    <skipped/>
  </testcase>
  <testcase name="CalenderCreateBtnTest" classname="com.crm.qa.Testcases.CalenderPageTest" time="0">
    <skipped message="element click intercepted: Element &lt;a href=&quot;https://ui.freecrm.com/&quot;&gt;...&lt;/a&gt; is not clickable at point (940, 30). Other element would receive the click: &lt;div id=&quot;preloader&quot;&gt;...&lt;/div&gt;&#10;  (Session info: chrome=98.0.4758.102)&#10;Build info: version: &apos;4.1.2&apos;, revision: &apos;9a5a329c5a&apos;&#10;System info: host: &apos;Muralis-MacBook-Pro.local&apos;, ip: &apos;2601:1c0:6b01:55e0:0:0:0:93e1%en0&apos;, os.name: &apos;Mac OS X&apos;, os.arch: &apos;x86_64&apos;, os.version: &apos;11.5.2&apos;, java.version: &apos;1.8.0_321&apos;&#10;Driver info: org.openqa.selenium.chrome.ChromeDriver&#10;Command: [65cc9cab414b8e206d08b5f41c1b1ad0, clickElement {id=904398e6-e75b-4e2c-beb6-cb24ed473dd8}]&#10;Capabilities {acceptInsecureCerts: false, browserName: chrome, browserVersion: 98.0.4758.102, chrome: {chromedriverVersion: 97.0.4692.20 (6559bb085abca..., userDataDir: /var/folders/qy/j_86_fn55qn...}, goog:chromeOptions: {debuggerAddress: localhost:52653}, javascriptEnabled: true, networkConnectionEnabled: false, pageLoadStrategy: normal, platform: MAC, platformName: MAC, proxy: Proxy(), se:cdp: ws://localhost:52653/devtoo..., se:cdpVersion: 98.0.4758.102, setWindowRect: true, strictFileInteractability: false, timeouts: {implicit: 0, pageLoad: 300000, script: 30000}, unhandledPromptBehavior: dismiss and notify, webauthn:extension:credBlob: true, webauthn:extension:largeBlob: true, webauthn:virtualAuthenticators: true}&#10;Element: [[ChromeDriver: chrome on MAC (65cc9cab414b8e206d08b5f41c1b1ad0)] -&gt; xpath: //a[contains(text(),&apos;Login&apos;)]]&#10;Session ID: 65cc9cab414b8e206d08b5f41c1b1ad0"/>
  </testcase>
  <testcase name="TearDown" classname="com.crm.qa.Testcases.CalenderPageTest" time="0">
    <skipped/>
  </testcase>
  <testcase name="TearDown" classname="com.crm.qa.Testcases.CalenderPageTest" time="0">
    <skipped/>
  </testcase>
  <testcase name="CalenderPageValidationTest" classname="com.crm.qa.Testcases.CalenderPageTest" time="0">
    <skipped message="element click intercepted: Element &lt;a href=&quot;https://ui.freecrm.com/&quot;&gt;...&lt;/a&gt; is not clickable at point (940, 30). Other element would receive the click: &lt;div id=&quot;preloader&quot;&gt;...&lt;/div&gt;&#10;  (Session info: chrome=98.0.4758.102)&#10;Build info: version: &apos;4.1.2&apos;, revision: &apos;9a5a329c5a&apos;&#10;System info: host: &apos;Muralis-MacBook-Pro.local&apos;, ip: &apos;2601:1c0:6b01:55e0:0:0:0:93e1%en0&apos;, os.name: &apos;Mac OS X&apos;, os.arch: &apos;x86_64&apos;, os.version: &apos;11.5.2&apos;, java.version: &apos;1.8.0_321&apos;&#10;Driver info: org.openqa.selenium.chrome.ChromeDriver&#10;Command: [65cc9cab414b8e206d08b5f41c1b1ad0, clickElement {id=904398e6-e75b-4e2c-beb6-cb24ed473dd8}]&#10;Capabilities {acceptInsecureCerts: false, browserName: chrome, browserVersion: 98.0.4758.102, chrome: {chromedriverVersion: 97.0.4692.20 (6559bb085abca..., userDataDir: /var/folders/qy/j_86_fn55qn...}, goog:chromeOptions: {debuggerAddress: localhost:52653}, javascriptEnabled: true, networkConnectionEnabled: false, pageLoadStrategy: normal, platform: MAC, platformName: MAC, proxy: Proxy(), se:cdp: ws://localhost:52653/devtoo..., se:cdpVersion: 98.0.4758.102, setWindowRect: true, strictFileInteractability: false, timeouts: {implicit: 0, pageLoad: 300000, script: 30000}, unhandledPromptBehavior: dismiss and notify, webauthn:extension:credBlob: true, webauthn:extension:largeBlob: true, webauthn:virtualAuthenticators: true}&#10;Element: [[ChromeDriver: chrome on MAC (65cc9cab414b8e206d08b5f41c1b1ad0)] -&gt; xpath: //a[contains(text(),&apos;Login&apos;)]]&#10;Session ID: 65cc9cab414b8e206d08b5f41c1b1ad0"/>
  </testcase>
</testsuite>