<?xml version="1.0" encoding="UTF-8"?>
<!-- Generated by org.testng.reporters.JUnitReportReporter -->
<testsuite skipped="1" hostname="Muralis-MacBook-Pro.local" name="com.crm.qa.Testcases.CreateNewEventTest" tests="1" failures="0" timestamp="2022-02-20T22:38:02 PST" time="0.000" errors="0">
  <testcase name="CreateNewEventPageTest" time="0.000" classname="com.crm.qa.Testcases.CreateNewEventTest">
    <skipped/>
  </testcase> <!-- CreateNewEventPageTest -->
  <system-out/>
</testsuite> <!-- com.crm.qa.Testcases.CreateNewEventTest -->
