<?xml version="1.0" encoding="UTF-8"?>
<!-- Generated by org.testng.reporters.JUnitReportReporter -->
<testsuite skipped="0" hostname="Muralis-MacBook-Pro.local" name="com.crm.qa.Testcases.HomePageTest" tests="3" failures="0" timestamp="2022-02-20T22:38:17 PST" time="48.466" errors="0">
  <testcase name="ValidateHomePageTitleTest" time="10.974" classname="com.crm.qa.Testcases.HomePageTest"/>
  <system-out/>
  <testcase name="CalenderIconClickTest" time="23.306" classname="com.crm.qa.Testcases.HomePageTest"/>
  <system-out/>
  <testcase name="VerifyUserName" time="14.186" classname="com.crm.qa.Testcases.HomePageTest"/>
  <system-out/>
</testsuite> <!-- com.crm.qa.Testcases.HomePageTest -->
